PRT1
38
76
4 0 4 (1248 1024 352 ) (1024 1024 352 ) (1024 1024 -288 ) (1248 1024 -288 ) 
4 0 2 (1024 1024 0 ) (1024 1024 352 ) (1024 1536 352 ) (1024 1536 0 ) 
4 0 3 (1024 1024 -288 ) (1024 1024 -64 ) (1024 1536 -64 ) (1024 1536 -288 ) 
4 0 1 (1024 1536 352 ) (1024 1824 352 ) (1024 1824 -288 ) (1024 1536 -288 ) 
4 1 7 (0 1536 352 ) (0 1824 352 ) (0 1824 -288 ) (0 1536 -288 ) 
4 1 2 (1024 1536 0 ) (1024 1536 352 ) (0 1536 352 ) (0 1536 0 ) 
4 1 3 (0 1536 -288 ) (1024 1536 -288 ) (1024 1536 -64 ) (0 1536 -64 ) 
4 2 8 (0 1024 0 ) (0 1024 352 ) (0 1536 352 ) (0 1536 0 ) 
4 2 5 (1024 1024 0 ) (1024 1024 352 ) (0 1024 352 ) (0 1024 0 ) 
4 3 9 (0 1024 -288 ) (0 1024 -64 ) (0 1536 -64 ) (0 1536 -288 ) 
4 3 6 (1024 1024 -288 ) (1024 1024 -64 ) (0 1024 -64 ) (0 1024 -288 ) 
4 4 19 (1248 0 352 ) (1024 0 352 ) (1024 0 -288 ) (1248 0 -288 ) 
4 4 6 (1024 1024 -64 ) (1024 1024 -288 ) (1024 0 -288 ) (1024 0 -64 ) 
4 4 5 (1024 1024 352 ) (1024 1024 0 ) (1024 0 0 ) (1024 0 352 ) 
4 5 20 (1024 0 0 ) (1024 0 352 ) (0 0 352 ) (0 0 0 ) 
4 5 10 (0 0 0 ) (0 0 352 ) (0 1024 352 ) (0 1024 0 ) 
4 6 21 (1024 0 -288 ) (1024 0 -64 ) (0 0 -64 ) (0 0 -288 ) 
4 6 11 (0 0 -288 ) (0 0 -64 ) (0 1024 -64 ) (0 1024 -288 ) 
4 7 12 (-1024 1536 352 ) (-1024 1824 352 ) (-1024 1824 -288 ) (-1024 1536 -288 ) 
4 7 8 (0 1536 0 ) (0 1536 352 ) (-1024 1536 352 ) (-1024 1536 0 ) 
4 7 9 (-1024 1536 -288 ) (0 1536 -288 ) (0 1536 -64 ) (-1024 1536 -64 ) 
4 8 13 (-1024 1024 0 ) (-1024 1024 352 ) (-1024 1536 352 ) (-1024 1536 0 ) 
4 8 10 (0 1024 0 ) (0 1024 352 ) (-1024 1024 352 ) (-1024 1024 0 ) 
4 9 14 (-1024 1024 -288 ) (-1024 1024 -64 ) (-1024 1536 -64 ) (-1024 1536 -288 ) 
4 9 11 (0 1024 -288 ) (0 1024 -64 ) (-1024 1024 -64 ) (-1024 1024 -288 ) 
4 10 26 (0 0 0 ) (0 0 352 ) (-1024 0 352 ) (-1024 0 0 ) 
4 10 16 (-1024 0 0 ) (-1024 0 352 ) (-1024 1024 352 ) (-1024 1024 0 ) 
4 11 27 (0 0 -288 ) (0 0 -64 ) (-1024 0 -64 ) (-1024 0 -288 ) 
4 11 17 (-1024 0 -288 ) (-1024 0 -64 ) (-1024 1024 -64 ) (-1024 1024 -288 ) 
4 12 13 (-1088 1536 352 ) (-1088 1536 0 ) (-1024 1536 0 ) (-1024 1536 352 ) 
4 12 14 (-1088 1536 -64 ) (-1088 1536 -288 ) (-1024 1536 -288 ) (-1024 1536 -64 ) 
4 12 15 (-1088 1824 352 ) (-1088 1824 -288 ) (-1088 1536 -288 ) (-1088 1536 352 ) 
4 13 16 (-1024 1024 0 ) (-1024 1024 352 ) (-1088 1024 352 ) (-1088 1024 0 ) 
4 13 15 (-1088 1024 0 ) (-1088 1024 352 ) (-1088 1536 352 ) (-1088 1536 0 ) 
4 14 17 (-1024 1024 -288 ) (-1024 1024 -64 ) (-1088 1024 -64 ) (-1088 1024 -288 ) 
4 14 15 (-1088 1536 -288 ) (-1088 1024 -288 ) (-1088 1024 -64 ) (-1088 1536 -64 ) 
4 15 18 (-1088 1024 352 ) (-1248 1024 352 ) (-1248 1024 -288 ) (-1088 1024 -288 ) 
4 16 28 (-1024 0 0 ) (-1024 0 352 ) (-1088 0 352 ) (-1088 0 0 ) 
4 16 18 (-1088 0 0 ) (-1088 0 352 ) (-1088 1024 352 ) (-1088 1024 0 ) 
4 17 29 (-1024 0 -288 ) (-1024 0 -64 ) (-1088 0 -64 ) (-1088 0 -288 ) 
4 17 18 (-1088 1024 -288 ) (-1088 0 -288 ) (-1088 0 -64 ) (-1088 1024 -64 ) 
4 18 30 (-1088 0 352 ) (-1248 0 352 ) (-1248 0 -288 ) (-1088 0 -288 ) 
4 19 22 (1248 -1024 352 ) (1024 -1024 352 ) (1024 -1024 -288 ) (1248 -1024 -288 ) 
4 19 21 (1024 -1024 -288 ) (1024 -1024 -64 ) (1024 0 -64 ) (1024 0 -288 ) 
4 19 20 (1024 -1024 0 ) (1024 -1024 352 ) (1024 0 352 ) (1024 0 0 ) 
4 20 26 (0 0 352 ) (0 0 0 ) (0 -1024 0 ) (0 -1024 352 ) 
4 20 23 (1024 -1024 0 ) (1024 -1024 352 ) (0 -1024 352 ) (0 -1024 0 ) 
4 21 27 (0 0 -64 ) (0 0 -288 ) (0 -1024 -288 ) (0 -1024 -64 ) 
4 21 24 (1024 -1024 -288 ) (1024 -1024 -64 ) (0 -1024 -64 ) (0 -1024 -288 ) 
4 22 25 (1024 -1600 -288 ) (1024 -1888 -288 ) (1024 -1888 352 ) (1024 -1600 352 ) 
4 22 23 (1024 -1024 352 ) (1024 -1024 0 ) (1024 -1600 0 ) (1024 -1600 352 ) 
4 22 24 (1024 -1024 -64 ) (1024 -1024 -288 ) (1024 -1600 -288 ) (1024 -1600 -64 ) 
4 23 31 (0 -1600 352 ) (0 -1024 352 ) (0 -1024 0 ) (0 -1600 0 ) 
4 23 25 (1024 -1600 0 ) (1024 -1600 352 ) (0 -1600 352 ) (0 -1600 0 ) 
4 24 32 (0 -1024 -64 ) (0 -1024 -288 ) (0 -1600 -288 ) (0 -1600 -64 ) 
4 24 25 (0 -1600 -288 ) (1024 -1600 -288 ) (1024 -1600 -64 ) (0 -1600 -64 ) 
4 25 33 (0 -1888 352 ) (0 -1600 352 ) (0 -1600 -288 ) (0 -1888 -288 ) 
4 26 31 (0 -1024 0 ) (0 -1024 352 ) (-1024 -1024 352 ) (-1024 -1024 0 ) 
4 26 28 (-1024 0 352 ) (-1024 0 0 ) (-1024 -1024 0 ) (-1024 -1024 352 ) 
4 27 32 (0 -1024 -288 ) (0 -1024 -64 ) (-1024 -1024 -64 ) (-1024 -1024 -288 ) 
4 27 29 (-1024 0 -64 ) (-1024 0 -288 ) (-1024 -1024 -288 ) (-1024 -1024 -64 ) 
4 28 34 (-1024 -1024 0 ) (-1024 -1024 352 ) (-1088 -1024 352 ) (-1088 -1024 0 ) 
4 28 30 (-1088 -1024 0 ) (-1088 -1024 352 ) (-1088 0 352 ) (-1088 0 0 ) 
4 29 35 (-1024 -1024 -288 ) (-1024 -1024 -64 ) (-1088 -1024 -64 ) (-1088 -1024 -288 ) 
4 29 30 (-1088 0 -288 ) (-1088 -1024 -288 ) (-1088 -1024 -64 ) (-1088 0 -64 ) 
4 30 37 (-1088 -1024 352 ) (-1248 -1024 352 ) (-1248 -1024 -288 ) (-1088 -1024 -288 ) 
4 31 34 (-1024 -1024 352 ) (-1024 -1024 0 ) (-1024 -1600 0 ) (-1024 -1600 352 ) 
4 31 33 (0 -1600 0 ) (0 -1600 352 ) (-1024 -1600 352 ) (-1024 -1600 0 ) 
4 32 35 (-1024 -1024 -64 ) (-1024 -1024 -288 ) (-1024 -1600 -288 ) (-1024 -1600 -64 ) 
4 32 33 (-1024 -1600 -288 ) (0 -1600 -288 ) (0 -1600 -64 ) (-1024 -1600 -64 ) 
4 33 36 (-1024 -1600 -288 ) (-1024 -1888 -288 ) (-1024 -1888 352 ) (-1024 -1600 352 ) 
4 34 37 (-1088 -1600 0 ) (-1088 -1600 352 ) (-1088 -1024 352 ) (-1088 -1024 0 ) 
4 34 36 (-1088 -1600 352 ) (-1088 -1600 0 ) (-1024 -1600 0 ) (-1024 -1600 352 ) 
4 35 36 (-1088 -1600 -64 ) (-1088 -1600 -288 ) (-1024 -1600 -288 ) (-1024 -1600 -64 ) 
4 35 37 (-1088 -1024 -288 ) (-1088 -1600 -288 ) (-1088 -1600 -64 ) (-1088 -1024 -64 ) 
4 36 37 (-1088 -1600 -288 ) (-1088 -1888 -288 ) (-1088 -1888 352 ) (-1088 -1600 352 ) 
