PRT1
147
421
4 0 4 (1024 3072 -1088 ) (1024 3072 928 ) (352 3072 928 ) (352 3072 -1088 ) 
4 0 2 (352 3316 928 ) (352 3316 -1088 ) (352 3072 -1088 ) (352 3072 928 ) 
4 1 5 (1024 3072 -1760 ) (1024 3072 -1216 ) (352 3072 -1216 ) (352 3072 -1760 ) 
4 1 3 (352 3316 -1216 ) (352 3316 -1760 ) (352 3072 -1760 ) (352 3072 -1216 ) 
4 2 17 (0 3072 -1088 ) (0 3072 1120 ) (0 3316 1120 ) (0 3316 -1088 ) 
4 2 9 (352 3072 -1088 ) (352 3072 1120 ) (0 3072 1120 ) (0 3072 -1088 ) 
4 3 18 (0 3072 -1760 ) (0 3072 -1216 ) (0 3316 -1216 ) (0 3316 -1760 ) 
4 3 11 (352 3072 -1760 ) (352 3072 -1216 ) (0 3072 -1216 ) (0 3072 -1760 ) 
4 4 9 (352 2292 -1088 ) (352 2292 928 ) (352 3072 928 ) (352 3072 -1088 ) 
4 4 6 (352 2292 928 ) (352 2292 -1088 ) (1024 2292 -1088 ) (1024 2292 928 ) 
4 5 11 (352 2292 -1760 ) (352 2292 -1216 ) (352 3072 -1216 ) (352 3072 -1760 ) 
4 5 8 (352 2292 -1216 ) (352 2292 -1760 ) (1024 2292 -1760 ) (1024 2292 -1216 ) 
4 6 12 (1024 2048 -1088 ) (1024 2048 928 ) (352 2048 928 ) (352 2048 -1088 ) 
4 6 10 (352 2048 -1088 ) (352 2048 928 ) (352 2292 928 ) (352 2292 -1088 ) 
4 6 7 (352 2048 -1088 ) (352 2292 -1088 ) (384 2292 -1088 ) (528.875061 2048 -1088 ) 
4 7 13 (528.875061 2048 -1088 ) (352 2048 -1088 ) (352 2048 -1216 ) (528.875061 2048 -1216 ) 
4 7 10 (352 2048 -1216 ) (352 2048 -1088 ) (352 2292 -1088 ) (352 2292 -1216 ) 
4 7 8 (528.875061 2048 -1216 ) (352 2048 -1216 ) (352 2292 -1216 ) (384 2292 -1216 ) 
4 8 14 (1024 2048 -1760 ) (1024 2048 -1216 ) (352 2048 -1216 ) (352 2048 -1760 ) 
4 8 11 (352 2048 -1760 ) (352 2048 -1216 ) (352 2292 -1216 ) (352 2292 -1760 ) 
4 9 21 (0 2292 1120 ) (0 3072 1120 ) (0 3072 -1088 ) (0 2292 -1088 ) 
4 9 10 (352 2292 -1088 ) (352 2292 1120 ) (0 2292 1120 ) (0 2292 -1088 ) 
4 10 22 (0 2048 -1216 ) (0 2048 1120 ) (0 2292 1120 ) (0 2292 -1216 ) 
4 10 16 (352 2048 -1216 ) (352 2048 1120 ) (0 2048 1120 ) (0 2048 -1216 ) 
4 10 11 (352 2292 -1216 ) (352 2048 -1216 ) (0 2048 -1216 ) (0 2292 -1216 ) 
4 11 23 (0 2048 -1760 ) (0 2048 -1216 ) (0 3072 -1216 ) (0 3072 -1760 ) 
4 11 16 (352 2048 -1760 ) (352 2048 -1216 ) (0 2048 -1216 ) (0 2048 -1760 ) 
4 12 16 (352 1780 -1088 ) (352 1780 928 ) (352 2048 928 ) (352 2048 -1088 ) 
4 12 15 (352 1780 928 ) (352 1780 -1088 ) (1024 1780 -1088 ) (1024 1780 928 ) 
4 12 13 (688 1780 -1088 ) (352 1780 -1088 ) (352 2048 -1088 ) (528.875061 2048 -1088 ) 
4 13 16 (352 1780 -1216 ) (352 1780 -1088 ) (352 2048 -1088 ) (352 2048 -1216 ) 
4 13 15 (352 1780 -1088 ) (352 1780 -1216 ) (688 1780 -1216 ) (688 1780 -1088 ) 
4 13 14 (688 1780 -1216 ) (352 1780 -1216 ) (352 2048 -1216 ) (528.875061 2048 -1216 ) 
4 14 16 (352 1780 -1760 ) (352 1780 -1216 ) (352 2048 -1216 ) (352 2048 -1760 ) 
4 14 15 (352 1780 -1216 ) (352 1780 -1760 ) (1024 1780 -1760 ) (1024 1780 -1216 ) 
4 15 37 (1024 1024 -1115.606201 ) (1024 1024 928 ) (352 1024 928 ) (352 1024 -1115.606323 ) 
4 15 36 (1024 1024 -1293.165649 ) (1024 1024 -1115.606201 ) (352 1024 -1115.606323 ) (352 1024 -1293.165527 ) 
4 15 35 (1024 1024 -1760 ) (1024 1024 -1293.165649 ) (352 1024 -1293.165527 ) (352 1024 -1760 ) 
4 15 16 (352 1024 -1760 ) (352 1024 928 ) (352 1780 928 ) (352 1780 -1760 ) 
4 16 37 (352 1024 -1115.606201 ) (352 1024 928 ) (0 1024 928 ) (0 1024 -1115.606323 ) 
4 16 36 (352 1024 -1293.165649 ) (352 1024 -1115.606201 ) (0 1024 -1115.606323 ) (0 1024 -1293.165527 ) 
4 16 35 (352 1024 -1760 ) (352 1024 -1293.165649 ) (0 1024 -1293.165527 ) (0 1024 -1760 ) 
4 16 34 (352 1024 928 ) (352 1024 1120 ) (0 1024 1120 ) (0 1024 928 ) 
4 16 29 (0 1024 -1760 ) (0 1024 1120 ) (0 2048 1120 ) (0 2048 -1760 ) 
4 17 21 (0 3072 -1088 ) (0 3072 1120 ) (-352 3072 1120 ) (-352 3072 -1088 ) 
4 17 19 (-352 3316 928 ) (-352 3316 -1088 ) (-352 3072 -1088 ) (-352 3072 928 ) 
4 18 23 (0 3072 -1760 ) (0 3072 -1216 ) (-352 3072 -1216 ) (-352 3072 -1760 ) 
4 18 20 (-352 3316 -1216 ) (-352 3316 -1760 ) (-352 3072 -1760 ) (-352 3072 -1216 ) 
4 19 24 (-352 3072 -1088 ) (-352 3072 928 ) (-1024 3072 928 ) (-1024 3072 -1088 ) 
4 20 25 (-352 3072 -1760 ) (-352 3072 -1216 ) (-1024 3072 -1216 ) (-1024 3072 -1760 ) 
4 21 24 (-352 3072 928 ) (-352 3072 -1088 ) (-352 2292 -1088 ) (-352 2292 928 ) 
4 21 22 (0 2292 -1088 ) (0 2292 1120 ) (-352 2292 1120 ) (-352 2292 -1088 ) 
4 22 29 (0 2048 -1216 ) (0 2048 1120 ) (-352 2048 1120 ) (-352 2048 -1216 ) 
4 22 27 (-352 2292 -1216 ) (-352 2048 -1216 ) (-352 2048 -1088 ) (-352 2292 -1088 ) 
4 22 26 (-352 2048 -1088 ) (-352 2048 928 ) (-352 2292 928 ) (-352 2292 -1088 ) 
4 22 23 (-352 2048 -1216 ) (-352 2292 -1216 ) (0 2292 -1216 ) (0 2048 -1216 ) 
4 23 29 (0 2048 -1760 ) (0 2048 -1216 ) (-352 2048 -1216 ) (-352 2048 -1760 ) 
4 23 28 (-352 2292 -1760 ) (-352 2048 -1760 ) (-352 2048 -1216 ) (-352 2292 -1216 ) 
4 23 25 (-352 3072 -1216 ) (-352 3072 -1760 ) (-352 2292 -1760 ) (-352 2292 -1216 ) 
4 24 26 (-352 2292 -1088 ) (-352 2292 928 ) (-1024 2292 928 ) (-1024 2292 -1088 ) 
4 25 28 (-352 2292 -1760 ) (-352 2292 -1216 ) (-1024 2292 -1216 ) (-1024 2292 -1760 ) 
4 26 30 (-352 2048 -1088 ) (-352 2048 928 ) (-1024 2048 928 ) (-1024 2048 -1088 ) 
4 26 27 (-384 2292 -1088 ) (-352 2292 -1088 ) (-352 2048 -1088 ) (-528.874939 2048 -1088 ) 
4 27 31 (-352 2048 -1216 ) (-352 2048 -1088 ) (-528.874939 2048 -1088 ) (-528.875000 2048 -1216 ) 
4 27 28 (-384 2292 -1216 ) (-352 2292 -1216 ) (-352 2048 -1216 ) (-528.874939 2048 -1216 ) 
4 28 32 (-352 2048 -1760 ) (-352 2048 -1216 ) (-1024 2048 -1216 ) (-1024 2048 -1760 ) 
4 29 94 (0 1024 -1115.606201 ) (0 1024 928 ) (-352 1024 928 ) (-352 1024 -1115.606323 ) 
4 29 93 (0 1024 -1293.165649 ) (0 1024 -1115.606201 ) (-352 1024 -1115.606323 ) (-352 1024 -1293.165527 ) 
4 29 89 (0 1024 -1760 ) (0 1024 -1293.165649 ) (-352 1024 -1293.165527 ) (-352 1024 -1760 ) 
4 29 88 (0 1024 928 ) (0 1024 1120 ) (-352 1024 1120 ) (-352 1024 928 ) 
4 29 33 (-352 1780 -1760 ) (-352 1024 -1760 ) (-352 1024 928 ) (-352 1780 928 ) 
4 29 31 (-352 2048 -1088 ) (-352 2048 -1216 ) (-352 1780 -1216 ) (-352 1780 -1088 ) 
4 29 30 (-352 2048 928 ) (-352 2048 -1088 ) (-352 1780 -1088 ) (-352 1780 928 ) 
4 29 32 (-352 2048 -1216 ) (-352 2048 -1760 ) (-352 1780 -1760 ) (-352 1780 -1216 ) 
4 30 33 (-352 1780 -1088 ) (-352 1780 928 ) (-1024 1780 928 ) (-1024 1780 -1088 ) 
4 30 31 (-352 1780 -1088 ) (-688 1780 -1088 ) (-528.875000 2048 -1088 ) (-352 2048 -1088 ) 
4 31 33 (-352 1780 -1216 ) (-352 1780 -1088 ) (-688 1780 -1088 ) (-688 1780 -1216 ) 
4 31 32 (-352 1780 -1216 ) (-688 1780 -1216 ) (-528.875000 2048 -1216 ) (-352 2048 -1216 ) 
4 32 33 (-352 1780 -1760 ) (-352 1780 -1216 ) (-1024 1780 -1216 ) (-1024 1780 -1760 ) 
4 33 94 (-352 1024 -1115.606201 ) (-352 1024 928 ) (-1024 1024 928 ) (-1024 1024 -1115.606323 ) 
4 33 93 (-352 1024 -1293.165649 ) (-352 1024 -1115.606201 ) (-1024 1024 -1115.606323 ) (-1024 1024 -1293.165527 ) 
4 33 89 (-352 1024 -1760 ) (-352 1024 -1293.165649 ) (-1024 1024 -1293.165527 ) (-1024 1024 -1760 ) 
4 34 88 (0 1024 1120 ) (0 1024 928 ) (0 0 928 ) (0 0 1120 ) 
4 34 52 (0 0 1120 ) (0 0 928 ) (352 0 928 ) (352 0 1120 ) 
4 34 39 (352 0 928 ) (0 0 928 ) (0 813.681519 928 ) (352 813.681519 928 ) 
4 34 37 (0 813.681519 928 ) (0 1024 928 ) (352 1024 928 ) (352 813.681519 928 ) 
4 35 89 (0 1024 -1293.165527 ) (0 1024 -1760 ) (0 0 -1760 ) (0 0 -920.469727 ) 
4 35 58 (1024 0 -1060.039917 ) (1024 0 -920.469727 ) (0 0 -920.469971 ) (0 0 -1060.039917 ) 
4 35 55 (1024 0 -1760 ) (1024 0 -1060.039917 ) (0 0 -1060.039917 ) (0 0 -1760 ) 
4 35 50 (0 140.379639 -971.562378 ) (0 79.995392 -949.584900 ) (339.509460 79.995392 -949.584900 ) (350.660553 140.379639 -971.562378 ) 
4 35 49 (0 79.995392 -949.584900 ) (0 0 -920.469727 ) (324.736816 0 -920.469727 ) (339.509460 79.995392 -949.584900 ) 
4 35 48 (0 321.033661 -1037.313354 ) (0 260.622375 -1015.326050 ) (372.865601 260.622375 -1015.326050 ) (384.021667 321.033661 -1037.313354 ) 
4 35 47 (0 381.876892 -1059.457886 ) (0 321.033661 -1037.313354 ) (384.021667 321.033661 -1037.313354 ) (395.257507 381.876892 -1059.457886 ) 
3 35 45 (324.736816 0 -920.469727 ) (368.565918 0 -920.469727 ) (339.488129 79.879883 -949.542847 ) 
5 35 44 (384.005005 140.330551 -971.544495 ) (384 140.379242 -971.562195 ) (350.660400 140.378967 -971.562134 ) (339.509338 79.994812 -949.584656 ) (384.006714 79.995171 -949.584839 ) 
3 35 42 (389.602325 79.995216 -949.584839 ) (384.005005 140.330551 -971.544495 ) (384.006714 79.995171 -949.584839 ) 
5 35 41 (368.565918 0 -920.469727 ) (397.023499 0 -920.469727 ) (389.602325 79.995216 -949.584839 ) (339.509338 79.994812 -949.584656 ) (339.488129 79.879883 -949.542847 ) 
3 35 40 (395.226227 381.707428 -1059.396240 ) (372.865814 260.623535 -1015.326416 ) (383.997925 260.623047 -1015.326233 ) 
7 35 39 (1024 79.995239 -949.584839 ) (1024 381.876892 -1059.457886 ) (395.257507 381.876892 -1059.457886 ) (395.226227 381.707428 -1059.396240 ) (384.001617 260.662720 -1015.340698 ) (384.005005 140.330353 -971.544434 ) (389.602325 79.995209 -949.584839 ) 
4 35 38 (397.023499 0 -920.469727 ) (1024 0 -920.469727 ) (1024 79.995239 -949.584839 ) (389.602325 79.995209 -949.584839 ) 
4 35 36 (1024 1024 -1293.165527 ) (0 1024 -1293.165527 ) (0 381.876892 -1059.457886 ) (1024 381.876892 -1059.457886 ) 
3 36 93 (0 1024 -1115.606323 ) (0 1024 -1293.165527 ) (0 381.876892 -1059.457886 ) 
4 36 47 (0 510.439880 -1070.699707 ) (0 381.876953 -1059.458008 ) (395.257660 381.876984 -1059.458008 ) (383.989868 510.439880 -1070.699707 ) 
5 36 39 (395.257660 381.876984 -1059.458008 ) (1024 381.877045 -1059.458008 ) (1024 637.838989 -1081.839722 ) (384 637.838989 -1081.839722 ) (384 510.325806 -1070.689819 ) 
4 36 37 (0 1024 -1115.606201 ) (0 637.838989 -1081.839722 ) (1024 637.838989 -1081.839722 ) (1024 1024 -1115.606201 ) 
4 37 100 (0 764.866272 370.052734 ) (0 807.969910 862.717651 ) (0 831.730652 928 ) (0 967.938904 928 ) 
5 37 94 (0 1024 928 ) (0 1024 -1115.606323 ) (0 637.838989 -1081.839722 ) (0 764.866272 370.052734 ) (0 967.938904 928 ) 
3 37 91 (0 807.969910 862.717651 ) (0 813.681519 928 ) (0 831.730652 928 ) 
5 37 39 (384.001709 637.838867 -1081.841797 ) (1024 637.838867 -1081.841797 ) (1024 813.681519 928 ) (0 813.681519 928 ) (0 671.307312 -699.305176 ) 
4 38 66 (383.998962 0 -903.399841 ) (381.553864 0 -903.399841 ) (391.188568 0 -914.031189 ) (393.205811 0 -914.031189 ) 
4 38 65 (1024 0 -914.031250 ) (1024 0 -903.399780 ) (383.998962 0 -903.399841 ) (393.205811 0 -914.031189 ) 
4 38 58 (1024 0 -920.469727 ) (1024 0 -914.031250 ) (391.188568 0 -914.031189 ) (397.023682 0 -920.469910 ) 
3 38 41 (389.602142 79.995361 -949.584961 ) (397.023499 0 -920.469788 ) (381.553802 0 -903.399841 ) 
5 38 39 (1024 79.994827 -949.584778 ) (389.599609 79.994659 -949.584717 ) (384 24.337654 -917.451416 ) (384 0 -903.400146 ) (1024 0 -903.399902 ) 
6 39 100 (0 807.969910 862.717529 ) (0 764.866272 370.052826 ) (0 392.473419 -653.105957 ) (0 376.144043 -648.730408 ) (0 287.688019 -616.533203 ) (0 272.198059 -609.309814 ) 
5 39 95 (0 764.866272 370.052826 ) (0 671.307251 -699.305176 ) (0 560.556091 -689.620728 ) (0 467.413879 -673.186829 ) (0 392.473419 -653.105957 ) 
8 39 91 (0 0 -439.327454 ) (0 0 928 ) (0 813.681519 928 ) (0 807.969910 862.717529 ) (0 272.198059 -609.309814 ) (0 201.722382 -576.445068 ) (0 119.877510 -529.194702 ) (0 42.642464 -475.111603 ) 
7 39 65 (1024 0 -903.399780 ) (1024 0 196.654541 ) (0 0 196.658539 ) (0 0 -439.327393 ) (69.974304 0 -530.674927 ) (223.075073 0 -717.577393 ) (383.998962 0 -903.399841 ) 
4 39 61 (1024 0 196.654541 ) (1024 0 320 ) (0 0 320 ) (0 0 196.658539 ) 
4 39 53 (1024 0 320 ) (1024 0 448 ) (0 0 448 ) (0 0 320 ) 
4 39 52 (352 0 928 ) (0 0 928 ) (0 0 448 ) (352 0 448 ) 
4 39 51 (1024 0 448 ) (1024 0 928 ) (352 0 928 ) (352 0 448 ) 
5 39 47 (384 510.334076 -1070.690186 ) (395.258179 381.875946 -1059.457642 ) (395.225403 381.698517 -1059.393066 ) (384.011780 384.130096 -1048.435303 ) (383.990631 510.335266 -1070.681274 ) 
4 39 42 (384 140.328201 -971.538391 ) (384.005127 140.326279 -971.543030 ) (389.602142 79.995361 -949.584961 ) (384.003235 24.345852 -917.455811 ) 
4 39 40 (383.997894 384.129028 -1048.421631 ) (395.223999 381.694519 -1059.391602 ) (384.001678 260.669464 -1015.343262 ) (383.997284 260.670776 -1015.339050 ) 
4 40 48 (384.022369 321.032898 -1037.313110 ) (372.866394 260.622162 -1015.326050 ) (383.998871 384.132904 -1048.422607 ) (384.011871 384.130096 -1048.435303 ) 
3 40 47 (395.225403 381.698517 -1059.393066 ) (384.022369 321.032898 -1037.313110 ) (384.011871 384.130096 -1048.435303 ) 
4 41 69 (355.490021 0 -903.399841 ) (363.633911 0 -914.031189 ) (384 0 -914.031189 ) (375.291168 0 -903.399841 ) 
4 41 66 (384 0 -914.031189 ) (391.188568 0 -914.031189 ) (381.553864 0 -903.399841 ) (375.291168 0 -903.399841 ) 
4 41 58 (363.633911 0 -914.031189 ) (368.566101 0 -920.469910 ) (397.023682 0 -920.469910 ) (391.188568 0 -914.031189 ) 
4 41 45 (339.469025 79.880493 -949.518616 ) (339.491333 79.870728 -949.539551 ) (368.565765 0 -920.469727 ) (355.489807 0 -903.399780 ) 
5 41 44 (339.466492 79.881348 -949.521179 ) (350.607849 24.330853 -917.448792 ) (372.848724 24.336222 -917.451355 ) (384.006805 79.990898 -949.583313 ) (339.507721 79.985748 -949.581482 ) 
3 41 43 (384 24.343033 -917.455017 ) (384.001984 79.966789 -949.569397 ) (372.848694 24.336082 -917.451294 ) 
4 41 42 (384 24.343033 -917.455017 ) (389.599243 79.991547 -949.583557 ) (384.006805 79.990898 -949.583313 ) (384.001984 79.966789 -949.569397 ) 
5 42 44 (383.998840 140.320786 -971.534973 ) (384.004517 140.318604 -971.540222 ) (384.006317 79.985214 -949.581238 ) (384.003052 79.968849 -949.571777 ) (378.424377 82.336746 -944.497009 ) 
3 42 43 (378.423584 82.347168 -944.501831 ) (384.003906 79.978516 -949.578125 ) (384.002380 24.311035 -917.438660 ) 
3 43 44 (384.003052 79.968849 -949.571777 ) (372.847290 24.326504 -917.446838 ) (378.424377 82.336731 -944.496948 ) 
3 44 50 (350.661499 140.380432 -971.562744 ) (339.488678 79.878571 -949.542480 ) (334.068207 82.250458 -944.456787 ) 
3 44 46 (334.070190 82.242920 -944.453247 ) (339.469025 79.880493 -949.518616 ) (350.607025 24.345787 -917.455750 ) 
4 45 79 (307.926514 0 -903.399780 ) (318.396179 0 -914.031189 ) (332.302399 0 -914.031189 ) (324.784393 0 -903.399780 ) 
4 45 69 (332.302399 0 -914.031189 ) (363.633911 0 -914.031189 ) (355.490021 0 -903.399841 ) (324.784393 0 -903.399780 ) 
4 45 58 (318.396179 0 -914.031189 ) (324.736938 0 -920.469910 ) (368.566101 0 -920.469910 ) (363.633911 0 -914.031189 ) 
4 45 49 (339.488678 79.878571 -949.542480 ) (324.737610 0 -920.469788 ) (307.927368 0 -903.399841 ) (339.467743 79.887741 -949.522827 ) 
3 45 46 (350.607056 24.344698 -917.455322 ) (339.467285 79.888184 -949.523193 ) (317.538177 24.344696 -917.455322 ) 
3 46 50 (334.068268 82.250443 -944.456787 ) (339.467743 79.887741 -949.522827 ) (317.539185 24.345539 -917.455688 ) 
3 47 97 (0 510.439148 -1070.699585 ) (0 381.876892 -1059.457886 ) (0 321.033661 -1037.313354 ) 
5 47 48 (0 321.035156 -1037.313477 ) (384.019562 321.035156 -1037.313477 ) (384.008972 384.163086 -1048.441040 ) (384 384.275421 -1048.460815 ) (0 384.275757 -1048.460938 ) 
3 48 99 (0 384.276093 -1048.461060 ) (0 321.033661 -1037.313354 ) (0 260.622375 -1015.326050 ) 
3 49 90 (0 79.995392 -949.584900 ) (0 0 -920.469727 ) (0 0 -903.399780 ) 
4 49 79 (0 0 -903.399780 ) (0 0 -914.031189 ) (318.396179 0 -914.031189 ) (307.926514 0 -903.399841 ) 
4 49 58 (0 0 -914.031189 ) (0 0 -920.469971 ) (324.736938 0 -920.469910 ) (318.396179 0 -914.031189 ) 
4 49 50 (317.536438 24.340626 -917.453369 ) (339.509766 79.996094 -949.585938 ) (0 79.996140 -949.585938 ) (0 24.340637 -917.453369 ) 
3 50 92 (0 140.379639 -971.562378 ) (0 79.995392 -949.584900 ) (0 24.346054 -917.455933 ) 
4 51 84 (1024 -1024 448 ) (1024 -1024 928 ) (352 -1024 928 ) (352 -1024 448 ) 
4 51 54 (352 -732 448 ) (352 -252 448 ) (688 -252 448 ) (384 -764 448 ) 
4 51 53 (352 -252 448 ) (352 0 448 ) (1024 0 448 ) (1024 -252 448 ) 
4 51 52 (352 0 928 ) (352 0 448 ) (352 -1024 448 ) (352 -1024 928 ) 
4 52 101 (0 -1024 448 ) (0 -1024 1120 ) (0 0 1120 ) (0 0 448 ) 
4 52 86 (0 -1024 1120 ) (0 -1024 448 ) (352 -1024 448 ) (352 -1024 1120 ) 
4 52 54 (0 -380 448 ) (0 -252 448 ) (352 -252 448 ) (352 -732 448 ) 
4 52 53 (0 -252 448 ) (0 0 448 ) (352 0 448 ) (352 -252 448 ) 
4 53 103 (0 -252 448 ) (0 0 448 ) (0 0 320 ) (0 -252 320 ) 
4 53 61 (0 -252 320 ) (0 0 320 ) (1024 0 320 ) (1024 -252 320 ) 
4 53 54 (0 -252 320 ) (688 -252 320 ) (688 -252 448 ) (0 -252 448 ) 
5 54 104 (0 -380 448 ) (0 -252 448 ) (0 -252 320 ) (0 -378.540955 320 ) (0 -380 336.676727 ) 
4 54 61 (0 -378.540985 320 ) (0 -252 320 ) (688 -252 320 ) (384 -764 320 ) 
4 55 105 (0 -1024 -1760 ) (0 -1024 160.344238 ) (0 0 -1060.039795 ) (0 0 -1760 ) 
4 55 87 (352 -1024 160.344299 ) (0 -1024 160.344330 ) (0 -1024 -1760 ) (352 -1024 -1760 ) 
4 55 85 (1024 -1024 -1760 ) (1024 -1024 160.344238 ) (352 -1024 160.344299 ) (352 -1024 -1760 ) 
4 55 81 (165.135010 -297.035797 -706.038330 ) (0 -297.035797 -706.038330 ) (0 -379.953400 -607.218628 ) (219.648499 -379.953644 -607.218323 ) 
4 55 80 (0 -462.158569 -509.247955 ) (0 -503.488922 -459.991211 ) (300.865509 -503.488922 -459.991211 ) (273.693298 -462.158600 -509.247955 ) 
4 55 78 (273.693298 -462.158569 -509.247955 ) (300.865509 -503.488922 -459.991211 ) (367.230957 -503.488922 -459.991211 ) (372.839386 -462.158569 -509.247955 ) 
4 55 76 (395.246155 -297.035797 -706.038330 ) (165.135010 -297.035797 -706.038330 ) (219.648407 -379.953491 -607.218506 ) (383.994415 -379.953491 -607.218506 ) 
5 55 72 (372.839355 -462.158813 -509.247650 ) (367.230957 -503.488922 -459.991211 ) (384.007416 -503.488922 -459.991211 ) (384.006348 -462.222839 -509.171387 ) (383.997620 -462.158478 -509.248108 ) 
3 55 70 (384.006348 -462.222839 -509.171387 ) (384.007416 -503.488922 -459.991211 ) (389.599365 -503.488922 -459.991211 ) 
6 55 65 (1024 -503.488953 -459.991211 ) (1024 -297.035828 -706.038269 ) (395.246155 -297.035797 -706.038330 ) (384.004211 -379.881256 -607.304565 ) (384.006348 -462.222839 -509.171387 ) (389.599365 -503.488922 -459.991211 ) 
4 55 58 (1024 -297.035828 -706.038269 ) (1024 0 -1060.040161 ) (0 0 -1060.040161 ) (0 -297.035797 -706.038330 ) 
4 55 56 (1024 -1024 160.344437 ) (1024 -503.488953 -459.991211 ) (0 -503.488922 -459.991211 ) (0 -1024 160.344482 ) 
4 56 106 (0 -1024 160.344238 ) (0 -1024 320 ) (0 -953.814758 320 ) (0 -503.489044 -459.990967 ) 
4 56 87 (352 -1024 320 ) (0 -1024 320 ) (0 -1024 160.344330 ) (352 -1024 160.344299 ) 
4 56 85 (1024 -1024 160.344238 ) (1024 -1024 320 ) (352 -1024 320 ) (352 -1024 160.344299 ) 
4 56 83 (0 -599.609680 -293.502502 ) (0 -631.765747 -237.806244 ) (367.261597 -631.765747 -237.806259 ) (350.617493 -599.609680 -293.502502 ) 
4 56 80 (300.864258 -503.487305 -459.992188 ) (0 -503.487305 -459.992188 ) (0 -535.628418 -404.321838 ) (317.500610 -535.628418 -404.321838 ) 
4 56 78 (367.230469 -503.487305 -459.992188 ) (300.864258 -503.487305 -459.992188 ) (317.500671 -535.628540 -404.321625 ) (350.589172 -535.628540 -404.321625 ) 
4 56 75 (350.617523 -599.609680 -293.502502 ) (367.261597 -631.765747 -237.806259 ) (384.007751 -631.765747 -237.806259 ) (372.838409 -599.609558 -293.502655 ) 
4 56 74 (384.007751 -631.765747 -237.806259 ) (389.604187 -631.765747 -237.806259 ) (384 -599.609680 -293.502502 ) (372.838409 -599.609558 -293.502655 ) 
4 56 73 (367.245056 -503.487305 -459.992188 ) (367.230469 -503.487305 -459.992188 ) (350.589172 -535.628540 -404.321625 ) (372.847290 -535.628418 -404.321838 ) 
3 56 72 (384.006775 -503.487305 -459.992188 ) (367.245056 -503.487305 -459.992188 ) (372.846832 -535.625732 -404.326538 ) 
4 56 71 (383.998718 -503.510468 -459.952057 ) (372.846832 -535.625732 -404.326538 ) (383.994324 -535.628723 -404.321381 ) (384 -535.593689 -404.382019 ) 
4 56 70 (389.598633 -503.487305 -459.992188 ) (384.006775 -503.487305 -459.992188 ) (383.998718 -503.510468 -459.952057 ) (384 -535.593689 -404.382019 ) 
6 56 65 (1024 -503.487305 -459.992188 ) (389.598633 -503.487305 -459.992188 ) (384 -535.593689 -404.382019 ) (384.003876 -599.635681 -293.457458 ) (389.604187 -631.765747 -237.806259 ) (1024 -631.765747 -237.806274 ) 
4 56 57 (0 -631.765747 -237.806244 ) (0 -953.813599 320 ) (1024 -953.813599 320 ) (1024 -631.765747 -237.806274 ) 
3 57 107 (0 -953.814758 320 ) (0 -834.788574 320 ) (0 -631.763916 -237.811279 ) 
4 57 83 (367.262146 -631.765625 -237.808594 ) (0 -631.765625 -237.808594 ) (0 -653.760315 -177.377975 ) (372.865997 -653.760315 -177.377975 ) 
5 57 75 (384.008423 -631.765625 -237.808594 ) (367.262146 -631.765625 -237.808594 ) (372.865997 -653.760315 -177.378021 ) (384 -653.760376 -177.377777 ) (384.009949 -653.721130 -177.485687 ) 
3 57 74 (389.605103 -631.765625 -237.808594 ) (384.008423 -631.765625 -237.808594 ) (384.009949 -653.721130 -177.485687 ) 
5 57 65 (1024 -631.765625 -237.808594 ) (389.605103 -631.765625 -237.808594 ) (384.009949 -653.721130 -177.485687 ) (384.012970 -697.498047 -57.208302 ) (1024 -697.497192 -57.210518 ) 
4 57 60 (0 -697.498535 -57.206970 ) (0 -741.599487 63.960815 ) (1024 -741.599487 63.960815 ) (1024 -697.497192 -57.210518 ) 
4 57 59 (0 -741.599487 63.960815 ) (0 -834.789124 320 ) (1024 -834.789124 320 ) (1024 -741.599487 63.960815 ) 
3 58 108 (0 0 -914.031250 ) (0 0 -1060.039795 ) (0 -297.035370 -706.038574 ) 
4 58 82 (0 -191.303360 -780.073853 ) (0 -243.987579 -743.182861 ) (123.509598 -243.987595 -743.182861 ) (82.170151 -191.303375 -780.073792 ) 
4 58 81 (0 -243.987579 -743.182861 ) (0 -297.033508 -706.038635 ) (165.132858 -297.033508 -706.038635 ) (123.509598 -243.987595 -743.182861 ) 
4 58 79 (332.301392 0 -914.029785 ) (0 0 -914.029785 ) (0 -86.507027 -853.455139 ) (350.632721 -86.506660 -853.455383 ) 
4 58 77 (82.170151 -191.303360 -780.073853 ) (123.509598 -243.987579 -743.182861 ) (384.003906 -243.987518 -743.182922 ) (372.839874 -191.303665 -780.073608 ) 
4 58 76 (123.509598 -243.987579 -743.182861 ) (165.132858 -297.033508 -706.038635 ) (395.244690 -297.033508 -706.038635 ) (384.003906 -243.987518 -743.182922 ) 
5 58 69 (383.998718 0 -914.029785 ) (332.301392 0 -914.029785 ) (350.632690 -86.506554 -853.455505 ) (383.996521 -86.506874 -853.455261 ) (384 -86.478195 -853.475342 ) 
3 58 68 (372.839813 -191.303436 -780.073792 ) (384.001160 -243.974594 -743.191956 ) (384 -191.303421 -780.073792 ) 
4 58 67 (384 -191.372192 -780.025635 ) (384.001160 -243.974594 -743.191956 ) (395.244690 -297.033508 -706.038635 ) (395.246246 -297.033508 -706.038635 ) 
3 58 66 (393.204590 0 -914.029785 ) (383.998718 0 -914.029785 ) (384 -86.478310 -853.475281 ) 
6 58 65 (1024 0 -914.029785 ) (393.204590 0 -914.029785 ) (384 -86.478310 -853.475281 ) (384 -191.372192 -780.025635 ) (395.246246 -297.033508 -706.038635 ) (1024 -297.033539 -706.038635 ) 
3 59 109 (0 -834.788574 320 ) (0 -764 320 ) (0 -741.599731 63.963104 ) 
4 59 64 (0 -747.244385 128.485321 ) (0 -752.843933 192.489349 ) (372.840912 -752.843933 192.489288 ) (383.997925 -747.244385 128.485229 ) 
5 59 63 (383.998749 -752.843933 192.488968 ) (384 -752.842834 192.476410 ) (384 -747.244385 128.485229 ) (383.997925 -747.244385 128.485229 ) (372.840912 -752.843933 192.489288 ) 
3 59 62 (384 -752.842834 192.476410 ) (389.598877 -747.244385 128.485229 ) (384 -747.244385 128.485229 ) 
5 59 61 (384 -764 320 ) (1024 -764 320 ) (1024 -747.244324 128.485092 ) (389.598877 -747.244385 128.485229 ) (384 -752.842834 192.476395 ) 
4 59 60 (1024 -741.599487 63.963493 ) (0 -741.599487 63.963470 ) (0 -747.244385 128.485321 ) (1024 -747.244324 128.485092 ) 
4 60 140 (0 -697.490295 -57.203995 ) (0 -697.497925 -57.206772 ) (0 -741.599731 63.963104 ) (0 -747.244812 128.486969 ) 
4 60 64 (0 -730.614075 66.419731 ) (0 -747.244568 128.487228 ) (383.997711 -747.244568 128.487213 ) (383.998749 -730.612976 66.415634 ) 
3 60 62 (383.998749 -730.612976 66.415634 ) (383.997711 -747.244568 128.487213 ) (389.598694 -747.244568 128.487213 ) 
5 60 61 (1024 -697.489258 -57.206787 ) (384 -697.489868 -57.204498 ) (383.998749 -730.612976 66.415634 ) (389.598694 -747.244568 128.487213 ) (1024 -747.244568 128.487183 ) 
6 61 111 (0 -378.540955 320 ) (0 0 320 ) (0 0 196.658539 ) (0 -335.259827 74.635468 ) (0 -355.386078 149.744690 ) (0 -371.778687 242.708237 ) 
5 61 65 (1024 -697.495972 -57.210361 ) (384.008362 -697.496765 -57.208145 ) (0 -335.259766 74.635147 ) (0 0 196.658127 ) (1024 0 196.654114 ) 
3 61 62 (384 -730.617188 66.436523 ) (389.598846 -747.245544 128.495789 ) (384 -752.843689 192.483109 ) 
4 62 64 (384 -730.615173 66.419746 ) (384 -747.244446 128.482559 ) (378.420074 -741.729309 129.456406 ) (384 -730.614136 66.419983 ) 
3 62 63 (384.001709 -752.845520 192.503143 ) (378.420502 -741.729370 129.456726 ) (383.998779 -747.243652 128.482910 ) 
3 63 64 (384 -747.244446 128.482559 ) (372.841034 -752.844666 192.493317 ) (378.420074 -741.729309 129.456421 ) 
3 64 142 (0 -730.613464 66.416336 ) (0 -747.244812 128.486969 ) (0 -752.844604 192.493011 ) 
10 65 111 (0 0 196.658539 ) (0 0 -439.327423 ) (0 -29.786797 -414.331329 ) (0 -96.467232 -347.658264 ) (0 -157.277939 -275.182739 ) (0 -211.500732 -197.748596 ) (0 -258.611328 -116.145157 ) (0 -298.619995 -30.346710 ) (0 -330.884033 58.305420 ) (0 -335.259827 74.635468 ) 
4 65 76 (395.238129 -297.068329 -705.998779 ) (384.003937 -379.861420 -607.327759 ) (383.991791 -379.852448 -607.319519 ) (383.997803 -289.467346 -697.703674 ) 
5 65 74 (384.004822 -599.656189 -293.423798 ) (389.601563 -631.763733 -237.811600 ) (384.009216 -653.709534 -177.515442 ) (383.997192 -653.698425 -177.510834 ) (383.995850 -599.648193 -293.419647 ) 
5 65 70 (383.994263 -462.235474 -509.138184 ) (384.005859 -462.244690 -509.145233 ) (389.596619 -503.488831 -459.991241 ) (384.001282 -535.582581 -404.402954 ) (383.992310 -535.575012 -404.398132 ) 
5 65 67 (383.995239 -191.379501 -780.010010 ) (384.004883 -191.385376 -780.017639 ) (395.248566 -297.035553 -706.038452 ) (395.246582 -297.042847 -706.029785 ) (384 -289.438171 -697.729797 ) 
4 65 66 (393.206421 0 -914.031128 ) (384.001770 -86.475098 -853.478821 ) (383.997314 -86.472702 -853.475037 ) (384 0 -903.399841 ) 
4 66 69 (384.001923 0 -914.031189 ) (384.002777 -86.458969 -853.490112 ) (383.996552 -86.455627 -853.484863 ) (375.293274 0 -903.399841 ) 
3 67 77 (383.997742 -289.456909 -697.714050 ) (378.417938 -240.385773 -738.889160 ) (384 -243.988190 -743.182190 ) 
6 67 76 (384.003357 -243.989761 -743.184082 ) (395.243164 -297.031250 -706.042969 ) (395.238129 -297.068329 -705.998779 ) (384 -289.468170 -697.704590 ) (383.997742 -289.456909 -697.714050 ) (384 -243.988190 -743.182190 ) 
4 67 68 (384.003815 -191.392654 -780.012573 ) (384.004333 -243.987488 -743.184204 ) (378.420288 -240.384521 -738.890259 ) (383.993378 -191.386292 -780.004272 ) 
3 68 77 (372.834686 -191.283905 -780.090149 ) (384.003357 -243.989761 -743.184082 ) (378.417938 -240.385773 -738.889160 ) 
3 69 79 (332.300507 0 -914.032349 ) (350.636292 -86.528023 -853.443054 ) (324.781708 0 -903.399780 ) 
5 70 72 (383.997650 -462.225647 -509.152161 ) (384.007782 -462.233704 -509.158325 ) (384.009186 -503.488892 -459.991150 ) (384 -503.516541 -459.943268 ) (378.422272 -498.931000 -456.731415 ) 
4 70 71 (383.997620 -535.587891 -404.393799 ) (383.989563 -535.581116 -404.389465 ) (378.418488 -498.930511 -456.731995 ) (383.995850 -503.516113 -459.943878 ) 
3 71 72 (372.846222 -535.636841 -404.308990 ) (378.422272 -498.930969 -456.731384 ) (384 -503.516541 -459.943268 ) 
3 72 78 (372.836945 -462.159180 -509.247070 ) (367.233215 -503.457062 -460.029175 ) (361.719208 -498.870453 -456.817749 ) 
4 72 73 (361.716461 -498.875916 -456.809998 ) (367.231201 -503.463135 -460.021790 ) (367.241699 -503.489380 -459.990570 ) (372.845032 -535.634583 -404.313110 ) 
4 73 78 (367.233215 -503.457062 -460.029175 ) (367.229095 -503.487366 -459.993042 ) (350.586212 -535.633057 -404.315155 ) (361.719208 -498.870453 -456.817749 ) 
4 74 75 (372.839417 -599.605225 -293.511932 ) (384.009949 -631.763794 -237.811462 ) (384.011810 -653.717163 -177.494446 ) (384.001678 -653.707764 -177.490570 ) 
3 75 83 (350.619446 -599.607727 -293.506622 ) (367.263855 -631.764526 -237.810120 ) (372.867126 -653.757568 -177.383850 ) 
3 76 81 (123.533699 -244.010773 -743.159668 ) (165.152344 -297.050781 -706.019531 ) (219.652405 -379.950500 -607.221497 ) 
4 76 77 (123.498047 -243.972656 -743.195313 ) (155.648178 -289.441406 -697.727051 ) (383.994781 -289.439850 -697.728271 ) (383.997986 -243.973907 -743.193726 ) 
3 77 82 (82.215630 -191.353821 -780.031555 ) (123.533699 -244.010773 -743.159668 ) (155.667343 -289.457062 -697.713928 ) 
3 78 80 (273.698181 -462.159210 -509.246979 ) (300.864319 -503.481445 -460 ) (317.501587 -535.624451 -404.327454 ) 
3 79 130 (0 0 -903.399780 ) (0 0 -914.031250 ) (0 -86.518051 -853.448853 ) 
3 80 138 (0 -462.158875 -509.247498 ) (0 -503.489044 -459.990967 ) (0 -535.634460 -404.313232 ) 
4 81 141 (0 -288.243835 -712.194641 ) (0 -297.035370 -706.038574 ) (0 -379.952667 -607.219299 ) (0 -289.515747 -697.655212 ) 
3 81 133 (0 -243.983276 -743.187195 ) (0 -288.243835 -712.194641 ) (0 -289.515747 -697.655212 ) 
4 81 82 (155.657959 -289.453400 -697.716919 ) (123.505295 -243.980942 -743.188843 ) (0 -243.980942 -743.188843 ) (0 -289.453400 -697.716919 ) 
3 82 134 (0 -191.294037 -780.081665 ) (0 -243.983276 -743.187195 ) (0 -289.457123 -697.713867 ) 
3 83 139 (0 -599.605103 -293.512299 ) (0 -631.763916 -237.811279 ) (0 -653.757080 -177.384964 ) 
4 84 86 (352 -1024 928 ) (352 -1024 448 ) (352 -1788 448 ) (352 -1788 928 ) 
4 85 87 (352 -1024 320 ) (352 -1024 -1760 ) (352 -1788 -1760 ) (352 -1788 320 ) 
4 86 143 (0 -1788 448 ) (0 -1788 1120 ) (0 -1024 1120 ) (0 -1024 448 ) 
4 87 144 (0 -1788 -1760 ) (0 -1788 320 ) (0 -1024 320 ) (0 -1024 -1760 ) 
4 88 101 (0 0 928 ) (0 0 1120 ) (-352 0 1120 ) (-352 0 928 ) 
4 88 100 (0 967.938904 928 ) (0 831.730713 928 ) (-352 831.730530 928 ) (-352 967.936157 928 ) 
4 88 94 (-352 1024 928 ) (0 1024 928 ) (0 967.938904 928 ) (-352 967.936157 928 ) 
4 88 91 (0 831.730713 928 ) (0 0 928 ) (-352 0 928 ) (-352 831.730530 928 ) 
4 89 108 (0 0 -1060.039917 ) (0 0 -920.469727 ) (-1024 0 -920.469971 ) (-1024 0 -1060.039917 ) 
4 89 105 (0 0 -1760 ) (0 0 -1060.039917 ) (-1024 0 -1060.039917 ) (-1024 0 -1760 ) 
4 89 100 (-1024 260.629517 -1015.328674 ) (-1024 140.352722 -971.552612 ) (-384.003296 140.352890 -971.552673 ) (-384.001190 260.633911 -1015.330261 ) 
4 89 99 (-372.843842 260.634003 -1015.330261 ) (0 260.636566 -1015.331177 ) (0 321.033661 -1037.313354 ) (-384.003815 321.033508 -1037.313354 ) 
4 89 98 (-384 260.633911 -1015.330261 ) (-372.843842 260.634003 -1015.330261 ) (-384.003815 321.033508 -1037.313354 ) (-389.605408 321.033508 -1037.313354 ) 
4 89 97 (0 321.033661 -1037.313354 ) (0 381.876862 -1059.457886 ) (-395.252869 381.876923 -1059.457886 ) (-389.605408 321.033508 -1037.313354 ) 
4 89 95 (-1024 381.877014 -1059.458008 ) (-1024 260.629517 -1015.328674 ) (-384 260.633911 -1015.330261 ) (-395.252869 381.876923 -1059.457886 ) 
4 89 93 (0 1024 -1293.165527 ) (-1024 1024 -1293.165527 ) (-1024 381.877014 -1059.458008 ) (0 381.876862 -1059.457886 ) 
4 89 92 (-389.598206 79.995186 -949.584839 ) (0 79.995300 -949.584900 ) (0 140.352997 -971.552734 ) (-383.997589 140.352890 -971.552673 ) 
4 89 91 (-1024 140.352722 -971.552612 ) (-1024 79.994995 -949.584717 ) (-389.598206 79.995186 -949.584839 ) (-383.997589 140.352890 -971.552673 ) 
4 89 90 (-1024 79.994995 -949.584717 ) (-1024 0 -920.469666 ) (0 0 -920.469727 ) (0 79.995300 -949.584900 ) 
4 90 130 (0 0 -914.031250 ) (0 0 -903.399780 ) (-231.482620 0 -903.399780 ) (-237.580383 0 -914.031250 ) 
4 90 120 (-231.482620 0 -903.399780 ) (-283.312622 0 -903.399780 ) (-290.145996 0 -914.031250 ) (-237.580383 0 -914.031250 ) 
4 90 116 (-283.312622 0 -903.399780 ) (-324.764954 0 -903.399780 ) (-332.282532 0 -914.031250 ) (-290.145996 0 -914.031250 ) 
4 90 115 (-324.764954 0 -903.399780 ) (-375.301483 0 -903.399780 ) (-384.010315 0 -914.031250 ) (-332.282532 0 -914.031250 ) 
4 90 112 (-375.301483 0 -903.399780 ) (-384.001129 0 -903.399780 ) (-393.208374 0 -914.031250 ) (-384.010315 0 -914.031250 ) 
4 90 111 (-384.001129 0 -903.399780 ) (-1024 0 -903.399902 ) (-1024 0 -914.031189 ) (-393.208374 0 -914.031250 ) 
4 90 108 (0 0 -920.469727 ) (0 0 -914.031250 ) (-1024 0 -914.031189 ) (-1024 0 -920.469971 ) 
4 90 92 (0 79.996094 -949.584961 ) (-389.597992 79.996094 -949.584961 ) (-384 24.349541 -917.457581 ) (0 24.349537 -917.457581 ) 
5 90 91 (-389.597992 79.996094 -949.584961 ) (-1024 79.996094 -949.584961 ) (-1024 0 -903.399414 ) (-384 0 -903.399414 ) (-384.001068 24.360106 -917.463684 ) 
7 91 111 (0 0 -439.330109 ) (0 0 320 ) (-1024 0 320 ) (-1024 0 -903.399902 ) (-384.001221 0 -903.399841 ) (-223.281937 0 -717.820740 ) (-69.892792 0 -530.569641 ) 
4 91 103 (0 0 320 ) (0 0 448 ) (-1024 0 448 ) (-1024 0 320 ) 
4 91 102 (-352 0 928 ) (-1024 0 928 ) (-1024 0 448 ) (-352 0 448 ) 
4 91 101 (0 0 448 ) (0 0 928 ) (-352 0 928 ) (-352 0 448 ) 
5 91 100 (-384 140.353165 -971.555115 ) (-1024 140.353027 -971.555054 ) (-1024 831.731262 928 ) (0 831.731506 928 ) (0 272.191162 -609.331787 ) 
5 91 92 (-384.003906 24.411581 -917.496643 ) (-389.595215 79.992188 -949.585938 ) (-383.994690 140.352173 -971.552490 ) (-383.992065 140.353073 -971.549988 ) (-383.994690 24.415833 -917.488464 ) 
4 93 97 (-395.252991 381.876038 -1059.457764 ) (0 381.876038 -1059.457764 ) (0 510.438354 -1070.699463 ) (-372.845734 510.438354 -1070.699463 ) 
3 93 96 (-395.238495 381.959137 -1059.465088 ) (-372.845734 510.438385 -1070.699463 ) (-383.990173 510.438416 -1070.699463 ) 
6 93 95 (-1024 381.876007 -1059.457764 ) (-395.252991 381.876038 -1059.457764 ) (-395.238495 381.959137 -1059.465088 ) (-384 510.329895 -1070.690063 ) (-384 637.838989 -1081.839600 ) (-1024 637.838989 -1081.839600 ) 
4 93 94 (0 637.838989 -1081.839600 ) (0 1024 -1115.606079 ) (-1024 1024 -1115.606079 ) (-1024 637.838989 -1081.839600 ) 
4 94 100 (0 764.866333 370.053345 ) (0 967.938782 928 ) (-1024 967.930847 928 ) (-1024 764.868774 370.082031 ) 
5 94 95 (-1024 637.839172 -1081.837646 ) (-383.997986 637.839172 -1081.837646 ) (0 671.308472 -699.290894 ) (0 764.865967 370.048828 ) (-1024 764.868469 370.077667 ) 
5 95 100 (-1024 260.629791 -1015.326904 ) (-383.997498 260.634186 -1015.328491 ) (0 392.468262 -653.119385 ) (0 764.866333 370.053345 ) (-1024 764.868774 370.082031 ) 
4 95 98 (-383.998962 260.633728 -1015.329102 ) (-384 260.633362 -1015.330078 ) (-389.606079 321.033142 -1037.313232 ) (-384.009888 384.275269 -1048.460815 ) 
4 95 97 (-389.606079 321.033142 -1037.313232 ) (-395.253357 381.876709 -1059.457886 ) (-395.238281 381.963287 -1059.465454 ) (-384 384.395172 -1048.481934 ) 
4 95 96 (-384 384.393799 -1048.481689 ) (-395.239746 381.962067 -1059.465332 ) (-384.001770 510.335205 -1070.692505 ) (-383.990662 510.336639 -1070.681519 ) 
3 96 97 (-384 384.395172 -1048.481934 ) (-395.238281 381.963287 -1059.465454 ) (-372.845642 510.439850 -1070.699707 ) 
4 97 99 (-384 384.276947 -1048.461304 ) (-384.003937 321.033630 -1037.313477 ) (0 321.033630 -1037.313477 ) (0 384.277466 -1048.461426 ) 
3 97 98 (-384 384.408569 -1048.484497 ) (-389.607178 321.033630 -1037.313477 ) (-384.003937 321.033630 -1037.313477 ) 
4 98 99 (-384.007141 321.038086 -1037.315063 ) (-384.002594 384.287476 -1048.464111 ) (-372.845337 260.635803 -1015.329651 ) (-372.846619 260.635376 -1015.330872 ) 
4 101 143 (0 -1024 448 ) (0 -1024 1120 ) (-352 -1024 1120 ) (-352 -1024 448 ) 
4 101 104 (0 -252 448 ) (0 -380 448 ) (-352 -732 448 ) (-352 -252 448 ) 
4 101 103 (-352 0 448 ) (0 0 448 ) (0 -252 448 ) (-352 -252 448 ) 
4 101 102 (-352 0 448 ) (-352 -1024 448 ) (-352 -1024 928 ) (-352 0 928 ) 
4 102 145 (-1024 -1024 928 ) (-1024 -1024 448 ) (-352 -1024 448 ) (-352 -1024 928 ) 
4 102 104 (-688 -252 448 ) (-352 -252 448 ) (-352 -732 448 ) (-384 -764 448 ) 
4 102 103 (-1024 -252 448 ) (-1024 0 448 ) (-352 0 448 ) (-352 -252 448 ) 
4 103 111 (-1024 -252 320 ) (-1024 0 320 ) (0 0 320 ) (0 -252 320 ) 
4 103 104 (-688 -252 320 ) (0 -252 320 ) (0 -252 448 ) (-688 -252 448 ) 
4 104 111 (-384 -764 320 ) (-688 -252 320 ) (0 -252 320 ) (0 -378.540466 320 ) 
4 105 146 (-352 -1024 160.344269 ) (-1024 -1024 160.344330 ) (-1024 -1024 -1760 ) (-352 -1024 -1760 ) 
4 105 144 (0 -1024 -1760 ) (0 -1024 160.344238 ) (-352 -1024 160.344269 ) (-352 -1024 -1760 ) 
4 105 141 (0 -379.952332 -607.219727 ) (0 -297.035522 -706.038452 ) (-8.221902 -297.035522 -706.038452 ) (-82.213120 -379.952576 -607.219421 ) 
4 105 138 (-192.451294 -503.489136 -459.990814 ) (0 -503.489136 -459.990814 ) (0 -462.158966 -509.247345 ) (-155.570221 -462.158997 -509.247345 ) 
4 105 133 (-82.212929 -379.952332 -607.219727 ) (-8.221902 -297.035522 -706.038452 ) (-91.031242 -297.035522 -706.038452 ) (-155.544601 -379.952576 -607.219421 ) 
4 105 131 (-251.661865 -503.489136 -459.990814 ) (-192.451294 -503.489136 -459.990814 ) (-155.570221 -462.158966 -509.247345 ) (-219.505066 -462.158997 -509.247345 ) 
4 105 127 (-389.600830 -503.489136 -459.990814 ) (-251.661865 -503.489136 -459.990814 ) (-219.505081 -462.158997 -509.247314 ) (-383.996246 -462.159088 -509.247192 ) 
4 105 126 (-155.544571 -379.952515 -607.219482 ) (-91.031242 -297.035522 -706.038452 ) (-361.604614 -297.035492 -706.038513 ) (-372.848633 -379.952759 -607.219177 ) 
5 105 118 (-372.848633 -379.952789 -607.219177 ) (-361.604614 -297.035492 -706.038513 ) (-384.001648 -297.035492 -706.038513 ) (-384.003754 -379.923889 -607.253662 ) (-384 -379.952698 -607.219360 ) 
5 105 111 (-1024 -379.952454 -607.219543 ) (-1024 -503.489136 -459.990784 ) (-389.600830 -503.489136 -459.990814 ) (-384.005859 -462.229980 -509.162720 ) (-384.003754 -379.952728 -607.219238 ) 
4 105 110 (-1024 -297.035431 -706.038574 ) (-1024 -379.952454 -607.219543 ) (-384.003754 -379.952728 -607.219238 ) (-384.001648 -297.035492 -706.038513 ) 
4 105 108 (-1024 0 -1060.040039 ) (-1024 -297.035431 -706.038574 ) (0 -297.035522 -706.038452 ) (0 0 -1060.040039 ) 
4 105 106 (-1024 -503.489136 -459.990784 ) (-1024 -1024 160.344604 ) (0 -1024 160.344574 ) (0 -503.489136 -459.990814 ) 
4 106 146 (-352 -1024 320 ) (-1024 -1024 320 ) (-1024 -1024 160.344330 ) (-352 -1024 160.344269 ) 
4 106 144 (0 -1024 160.344238 ) (0 -1024 320 ) (-352 -1024 320 ) (-352 -1024 160.344269 ) 
4 106 139 (-273.698761 -599.609680 -293.502502 ) (-300.879272 -631.765747 -237.806259 ) (0 -631.765747 -237.806274 ) (0 -599.609558 -293.502686 ) 
4 106 138 (0 -503.487305 -459.992188 ) (-192.449615 -503.487305 -459.992188 ) (-219.617477 -535.628418 -404.321838 ) (0 -535.628540 -404.321686 ) 
4 106 132 (-317.436066 -599.609680 -293.502502 ) (-339.440247 -631.765747 -237.806259 ) (-300.879272 -631.765747 -237.806259 ) (-273.698761 -599.609680 -293.502502 ) 
4 106 131 (-192.449615 -503.487305 -459.992188 ) (-251.660248 -503.487305 -459.992188 ) (-273.654175 -535.628418 -404.321838 ) (-219.617493 -535.628418 -404.321838 ) 
4 106 129 (-372.848267 -599.609680 -293.502502 ) (-367.244202 -631.765747 -237.806259 ) (-339.440247 -631.765747 -237.806259 ) (-317.436066 -599.609680 -293.502502 ) 
4 106 127 (-251.660248 -503.487305 -459.992188 ) (-389.600128 -503.487305 -459.992188 ) (-383.998688 -535.628418 -404.321838 ) (-273.654175 -535.628418 -404.321838 ) 
3 106 122 (-384.012390 -631.765747 -237.806259 ) (-367.244202 -631.765747 -237.806259 ) (-372.848541 -599.607910 -293.505493 ) 
4 106 121 (-389.609192 -631.765747 -237.806259 ) (-384.012390 -631.765747 -237.806259 ) (-372.848541 -599.607910 -293.505493 ) (-384.003357 -599.609619 -293.502594 ) 
6 106 111 (-389.600128 -503.487305 -459.992188 ) (-1024 -503.487305 -459.992188 ) (-1024 -631.765747 -237.806244 ) (-389.609192 -631.765747 -237.806259 ) (-384.004974 -599.618958 -293.486450 ) (-383.998810 -535.627686 -404.323181 ) 
4 106 107 (-1024 -631.765747 -237.806244 ) (-1024 -953.813538 320 ) (0 -953.813538 320 ) (0 -631.765747 -237.806274 ) 
4 107 140 (-350.598206 -697.464233 -57.301247 ) (-383.998535 -741.599487 63.960682 ) (0 -741.599487 63.960693 ) (0 -697.464172 -57.301308 ) 
4 107 139 (0 -631.765625 -237.808594 ) (-300.879364 -631.765625 -237.808594 ) (-317.524323 -653.760315 -177.378021 ) (0 -653.760254 -177.378159 ) 
4 107 136 (-372.820770 -697.464233 -57.301247 ) (-395.245117 -741.599487 63.960682 ) (-383.998535 -741.599487 63.960682 ) (-350.598206 -697.464233 -57.301243 ) 
4 107 132 (-300.879364 -631.765625 -237.808594 ) (-339.440491 -631.765625 -237.808594 ) (-350.615601 -653.760315 -177.378021 ) (-317.524323 -653.760315 -177.378021 ) 
3 107 129 (-339.440491 -631.765625 -237.808594 ) (-367.245453 -631.765625 -237.808594 ) (-350.610199 -653.749695 -177.407227 ) 
3 107 125 (-384 -697.464172 -57.301441 ) (-383.995667 -719.458496 3.128120 ) (-372.820679 -697.464050 -57.301704 ) 
3 107 124 (-384 -697.441895 -57.362640 ) (-395.236206 -741.581970 63.912506 ) (-383.995667 -719.458496 3.128120 ) 
5 107 123 (-367.245453 -631.765625 -237.808594 ) (-367.281677 -631.765625 -237.808594 ) (-372.880585 -653.760315 -177.378052 ) (-350.615662 -653.760498 -177.377609 ) (-350.610199 -653.749695 -177.407227 ) 
5 107 122 (-367.281677 -631.765625 -237.808594 ) (-384.013092 -631.765625 -237.808594 ) (-384.008728 -653.747681 -177.412781 ) (-384.005493 -653.760376 -177.377914 ) (-372.880585 -653.760315 -177.377991 ) 
3 107 121 (-384.013092 -631.765625 -237.808594 ) (-389.610046 -631.765625 -237.808594 ) (-384.008728 -653.747681 -177.412781 ) 
7 107 111 (-389.610046 -631.765625 -237.808594 ) (-1024 -631.765625 -237.808594 ) (-1024 -741.599487 63.960663 ) (-395.245117 -741.599487 63.960682 ) (-395.236206 -741.581970 63.912506 ) (-384 -697.441895 -57.362595 ) (-384.008728 -653.747681 -177.412781 ) 
4 107 109 (-1024 -741.599487 63.960663 ) (-1024 -834.789185 320 ) (0 -834.789185 320 ) (0 -741.599487 63.960693 ) 
3 108 141 (-8.219849 -297.033478 -706.038635 ) (0 -297.033478 -706.038635 ) (0 -288.243958 -712.193298 ) 
3 108 134 (0 -243.987701 -743.182800 ) (0 -191.595688 -779.869141 ) (-45.232361 -243.987610 -743.182861 ) 
5 108 133 (-91.029297 -297.033478 -706.038635 ) (-8.219849 -297.033478 -706.038635 ) (0 -288.243958 -712.193298 ) (0 -243.987701 -743.182800 ) (-45.232361 -243.987610 -743.182861 ) 
4 108 130 (0 0 -914.029846 ) (-237.579575 0 -914.029846 ) (-273.699615 -86.506699 -853.455383 ) (0 -86.506691 -853.455444 ) 
5 108 128 (-317.456573 -191.303635 -780.073608 ) (-339.454224 -243.987488 -743.182922 ) (-45.232361 -243.987610 -743.182861 ) (0 -191.595688 -779.869141 ) (0 -191.303635 -780.073669 ) 
4 108 126 (-339.454224 -243.987488 -743.182922 ) (-361.603088 -297.033478 -706.038635 ) (-91.029297 -297.033478 -706.038635 ) (-45.232361 -243.987610 -743.182861 ) 
4 108 120 (-237.579575 0 -914.029846 ) (-290.145142 0 -914.029846 ) (-317.479065 -86.506699 -853.455383 ) (-273.699646 -86.506691 -853.455444 ) 
4 108 119 (-350.592255 -191.303635 -780.073608 ) (-367.239014 -243.987488 -743.182922 ) (-339.454254 -243.987488 -743.182922 ) (-317.456604 -191.303635 -780.073669 ) 
4 108 118 (-367.239014 -243.987488 -743.182922 ) (-384 -297.033478 -706.038635 ) (-361.603088 -297.033478 -706.038635 ) (-339.454254 -243.987488 -743.182922 ) 
4 108 117 (-372.831665 -191.303467 -780.073730 ) (-383.998962 -243.987488 -743.182922 ) (-367.239014 -243.987488 -743.182922 ) (-350.592194 -191.303467 -780.073730 ) 
4 108 116 (-290.145142 0 -914.029846 ) (-332.281494 0 -914.029846 ) (-350.618164 -86.506920 -853.455261 ) (-317.479126 -86.506912 -853.455261 ) 
5 108 115 (-332.281494 0 -914.029846 ) (-384.009216 0 -914.029846 ) (-384.001373 -86.494904 -853.463684 ) (-384 -86.507523 -853.454834 ) (-350.618134 -86.506783 -853.455322 ) 
3 108 114 (-383.991852 -191.303833 -780.073486 ) (-383.987091 -243.931519 -743.222107 ) (-372.831726 -191.303833 -780.073486 ) 
4 108 113 (-389.596252 -243.987488 -743.182922 ) (-383.998962 -243.987488 -743.182922 ) (-383.987091 -243.931519 -743.222107 ) (-383.991852 -191.312210 -780.067627 ) 
3 108 112 (-384.009216 0 -914.029846 ) (-393.207184 0 -914.029846 ) (-384.001373 -86.494843 -853.463684 ) 
6 108 111 (-393.207184 0 -914.029846 ) (-1024 0 -914.029846 ) (-1024 -243.987717 -743.182739 ) (-389.596252 -243.987488 -743.182922 ) (-383.991852 -191.312210 -780.067627 ) (-384.001373 -86.494843 -853.463684 ) 
4 108 110 (-1024 -243.987717 -743.182739 ) (-1024 -297.033447 -706.038635 ) (-384 -297.033478 -706.038635 ) (-367.239014 -243.987488 -743.182922 ) 
4 109 142 (-383.998810 -747.244385 128.485413 ) (-384 -752.843872 192.488800 ) (0 -752.843933 192.489349 ) (0 -747.244385 128.485321 ) 
4 109 140 (0 -741.599487 63.963470 ) (-383.998322 -741.599487 63.963463 ) (-383.998810 -747.244385 128.485413 ) (0 -747.244385 128.485321 ) 
3 109 136 (-383.998322 -741.599487 63.963463 ) (-395.239960 -741.599487 63.963463 ) (-383.998810 -747.238708 128.420441 ) 
4 109 135 (-395.239960 -741.599487 63.963463 ) (-395.244629 -741.599487 63.963463 ) (-384 -752.860413 192.677841 ) (-383.998810 -747.238708 128.420441 ) 
5 109 111 (-395.244629 -741.599487 63.963463 ) (-1024 -741.599487 63.963448 ) (-1024 -764 320 ) (-384 -764 320 ) (-384 -752.860413 192.677841 ) 
3 110 118 (-384.006317 -379.952881 -607.219116 ) (-384.004089 -297.035645 -706.038391 ) (-367.240875 -243.983246 -743.187195 ) 
5 110 117 (-372.841492 -289.446716 -697.722534 ) (-367.235046 -243.977509 -743.191223 ) (-383.997742 -243.977509 -743.191223 ) (-383.998047 -289.405365 -697.763855 ) (-383.993042 -289.445984 -697.723267 ) 
3 110 113 (-383.998047 -289.405396 -697.763855 ) (-383.997742 -243.977509 -743.191223 ) (-389.596222 -243.977509 -743.191223 ) 
6 110 111 (-1024 -379.961853 -607.208435 ) (-384.002167 -379.961853 -607.208435 ) (-383.998657 -379.933319 -607.236938 ) (-383.998047 -289.405396 -697.763855 ) (-389.596222 -243.977509 -743.191223 ) (-1024 -243.977585 -743.191162 ) 
4 111 135 (-384.020416 -752.838928 192.460632 ) (-395.247650 -741.596008 63.952972 ) (-395.230927 -741.563049 63.862469 ) (-384.003937 -730.592896 66.299767 ) 
4 111 127 (-384.001740 -535.634521 -404.313141 ) (-389.603943 -503.488983 -459.991089 ) (-384.005890 -462.207184 -509.189972 ) (-384 -462.201935 -509.185944 ) 
3 111 124 (-383.997040 -730.607910 66.395767 ) (-395.242920 -741.596497 63.954254 ) (-384.008423 -697.466248 -57.293785 ) 
5 111 121 (-384.002930 -653.738098 -177.425766 ) (-384.006714 -653.741577 -177.427216 ) (-389.606171 -631.763672 -237.811630 ) (-384.005890 -599.644104 -293.444672 ) (-384 -599.638062 -293.441528 ) 
5 111 113 (-383.994995 -191.333115 -780.054321 ) (-383.990845 -191.330582 -780.051025 ) (-383.994751 -289.392090 -697.768433 ) (-384.002075 -289.397034 -697.773804 ) (-389.597992 -243.986298 -743.185059 ) 
4 111 112 (-384.001953 -86.470642 -853.476196 ) (-384.006714 -86.473206 -853.480225 ) (-393.210236 0 -914.031250 ) (-384.002991 0 -903.399841 ) 
4 112 115 (-384.008881 -86.434700 -853.507080 ) (-384.016693 0 -914.031128 ) (-375.307922 0 -903.399841 ) (-384 -86.430000 -853.499695 ) 
5 113 117 (-383.998047 -289.415314 -697.755554 ) (-383.997742 -243.982986 -743.187378 ) (-383.988159 -243.937805 -743.218994 ) (-378.409607 -240.338837 -738.928650 ) (-383.992981 -289.411896 -697.751831 ) 
4 113 114 (-378.416748 -240.333008 -738.933533 ) (-383.994629 -243.931519 -743.223389 ) (-384 -191.373642 -780.025879 ) (-383.990967 -191.368515 -780.019165 ) 
3 114 117 (-383.988159 -243.937805 -743.218994 ) (-372.829498 -191.294525 -780.081299 ) (-378.409607 -240.338837 -738.928589 ) 
3 115 116 (-350.620178 -86.517624 -853.449097 ) (-332.281250 0 -914.031189 ) (-324.763794 0 -903.399841 ) 
3 116 120 (-317.485687 -86.517532 -853.449158 ) (-290.148346 0 -914.031189 ) (-283.314972 0 -903.399841 ) 
3 117 119 (-372.847961 -289.457245 -697.713684 ) (-367.240875 -243.983246 -743.187195 ) (-350.592407 -191.294037 -780.081665 ) 
3 118 126 (-372.851715 -379.952606 -607.219421 ) (-361.607697 -297.035400 -706.038574 ) (-339.456268 -243.983231 -743.187195 ) 
4 118 119 (-367.237793 -243.984375 -743.187500 ) (-372.845581 -289.463013 -697.708862 ) (-350.621887 -289.456787 -697.714050 ) (-339.453064 -243.983017 -743.187317 ) 
3 119 128 (-350.625153 -289.457214 -697.713745 ) (-339.456268 -243.983231 -743.187195 ) (-317.456390 -191.294022 -780.081665 ) 
3 120 130 (-273.708160 -86.517967 -853.448853 ) (-237.583405 0 -914.031250 ) (-231.485657 0 -903.399841 ) 
4 121 122 (-372.848724 -599.604553 -293.513245 ) (-384.005493 -653.738892 -177.424042 ) (-384.009155 -653.742249 -177.425446 ) (-384.013275 -631.763672 -237.811691 ) 
4 122 129 (-367.256744 -631.717529 -237.891586 ) (-372.851501 -599.614685 -293.495667 ) (-372.849792 -599.613159 -293.494873 ) (-361.744781 -626.644897 -235.526230 ) 
4 122 123 (-367.253601 -631.708618 -237.907013 ) (-361.743134 -626.637390 -235.542297 ) (-372.881042 -653.756714 -177.385818 ) (-367.282166 -631.763794 -237.811432 ) 
5 123 129 (-350.609467 -653.750122 -177.399857 ) (-350.610840 -653.751465 -177.400391 ) (-367.248657 -631.763916 -237.811234 ) (-367.256744 -631.717529 -237.891586 ) (-361.744781 -626.644897 -235.526230 ) 
4 124 136 (-395.230927 -741.563049 63.862469 ) (-383.995026 -719.448730 3.103230 ) (-378.414398 -714.038025 4.554594 ) (-383.993591 -730.582764 66.302017 ) 
3 124 125 (-378.413025 -714.042603 4.571838 ) (-383.995117 -719.454712 3.120056 ) (-383.998505 -697.466309 -57.293625 ) 
3 125 136 (-383.995026 -719.448730 3.103230 ) (-372.826019 -697.466064 -57.294132 ) (-378.414398 -714.038025 4.554588 ) 
3 126 133 (-155.549408 -379.952850 -607.219116 ) (-91.035927 -297.035645 -706.038330 ) (-45.233562 -243.983490 -743.186951 ) 
4 126 128 (-339.450195 -243.968750 -743.199219 ) (-350.618530 -289.440704 -697.727661 ) (-82.097969 -289.429077 -697.737366 ) (-45.214264 -243.968201 -743.197754 ) 
3 127 131 (-273.663116 -535.634338 -404.313416 ) (-251.666245 -503.488892 -459.991211 ) (-219.509491 -462.158813 -509.247620 ) 
4 128 134 (-82.127647 -289.457153 -697.713806 ) (-45.233562 -243.983490 -743.186951 ) (0 -191.590179 -779.874268 ) (0 -191.598663 -779.826111 ) 
4 129 132 (-350.612274 -653.745361 -177.416992 ) (-339.443848 -631.763855 -237.811371 ) (-317.437775 -599.604980 -293.512421 ) (-350.609467 -653.742676 -177.415894 ) 
3 131 138 (-219.623108 -535.634338 -404.313385 ) (-192.451660 -503.488953 -459.991089 ) (-155.570618 -462.158813 -509.247589 ) 
3 132 139 (-317.521912 -653.756775 -177.385513 ) (-300.878174 -631.763733 -237.811554 ) (-273.695374 -599.604919 -293.512512 ) 
4 133 141 (-82.213959 -379.952911 -607.219055 ) (-8.219955 -297.032776 -706.041748 ) (0 -288.243164 -712.196472 ) (0 -289.515198 -697.655762 ) 
4 133 134 (-45.222656 -243.980469 -743.191406 ) (-82.123917 -289.462158 -697.709595 ) (0 -289.450012 -697.719788 ) (0 -243.979858 -743.190613 ) 
3 135 142 (-384.003662 -752.851501 192.531982 ) (-384.003143 -747.242249 128.417236 ) (-378.414886 -741.718079 129.392746 ) 
3 135 137 (-383.994446 -730.613342 66.416016 ) (-378.414429 -741.719910 129.402954 ) (-383.987976 -747.229553 128.430099 ) 
6 135 136 (-395.236450 -741.581665 63.913776 ) (-384 -730.602295 66.353249 ) (-383.994446 -730.613342 66.416016 ) (-383.987976 -747.229553 128.430099 ) (-383.998169 -747.239624 128.428314 ) (-395.241028 -741.599731 63.963402 ) 
4 136 140 (-384.003143 -747.242249 128.417236 ) (-384.002625 -741.604492 63.976563 ) (-350.600128 -697.466370 -57.293106 ) (-383.987579 -747.226868 128.419952 ) 
3 136 137 (-383.991669 -730.611450 66.405045 ) (-383.985596 -747.224121 128.405792 ) (-372.838715 -730.611389 66.404732 ) 
3 137 142 (-378.414886 -741.718140 129.392731 ) (-383.987579 -747.226868 128.419952 ) (-372.840576 -730.613464 66.416382 ) 
4 140 142 (-372.841339 -730.614624 66.423233 ) (-384 -747.245056 128.490265 ) (0 -747.245056 128.490250 ) (0 -730.614624 66.423218 ) 
4 143 145 (-352 -1788 448 ) (-352 -1788 928 ) (-352 -1024 928 ) (-352 -1024 448 ) 
4 144 146 (-352 -1788 -1760 ) (-352 -1788 320 ) (-352 -1024 320 ) (-352 -1024 -1760 ) 
